[debian-3.2.51-amd64:64]
name = 3.2.0-4-amd64|#1 SMP Debian 3.2.51-1|x86_64
task.size = 1784
#task.init_addr = 0xFFFFFFFF8160D020
task.init_addr = 18446744071585189920
task.task_offset = 0
task.tasks_offset = 368
task.pid_offset = 484
task.tgid_offset = 488
task.group_leader_offset = 552
task.thread_group_offset = 664
task.real_parent_offset = 504
task.parent_offset = 512
task.mm_offset = 424
task.stack_offset = 8
task.real_cred_offset = 896
task.cred_offset = 904
task.comm_offset = 920
task.comm_size = 16
task.files_offset = 1152
cred.uid_offset = 4
cred.gid_offset = 8
cred.euid_offset = 20
cred.egid_offset = 24
mm.mmap_offset = 0
mm.pgd_offset = 72
mm.arg_start_offset = 288
mm.start_brk_offset = 264
mm.brk_offset = 272
mm.start_stack_offset = 280
vma.vm_mm_offset = 0
vma.vm_start_offset = 8
vma.vm_end_offset = 16
vma.vm_next_offset = 24
vma.vm_flags_offset = 48
vma.vm_file_offset = 152
fs.f_path_dentry_offset = 24
fs.f_path_mnt_offset = 16
fs.f_pos_offset = 64
fs.mnt_parent_offset = 16
fs.mnt_mountpoint_offset = 24
fs.mnt_root_offset = 32
fs.fdt_offset = 8
fs.fdtab_offset = 16
fs.fd_offset = 8
fs.d_name_offset = 32
fs.d_iname_offset = 56
fs.d_parent_offset = 24


